/*C1*/SET SCHEMA SYSTEM_LOBS
INSERT INTO BLOCKS VALUES(0,2147483647,0)
COMMIT
/*C2*/SET SCHEMA PUBLIC
CREATE TABLE IF NOT EXISTS AL_CONFIGURATION ( PROPERTY_NAME VARCHAR(255) NOT NULL UNIQUE , PROPERTY_VALUE LONGVARCHAR ) 
CREATE TABLE IF NOT EXISTS AL_GROUPS ( GROUP_NAME VARCHAR(255) NOT NULL PRIMARY KEY , DESCRIPTION LONGVARCHAR ) 
CREATE TABLE IF NOT EXISTS AL_TABLES ( TABLE_NAME VARCHAR(255) NOT NULL PRIMARY KEY , GROUP_NAME VARCHAR(255) , DESCRIPTION LONGVARCHAR ) 
CREATE TABLE IF NOT EXISTS AL_CUSTOM_TYPE ( TABLE_NAME VARCHAR(255) , COLUMN_NAME VARCHAR(255) , TYPE VARCHAR(255) , NAME VARCHAR(255) ) 
CREATE TABLE IF NOT EXISTS AL_VIEWS ( VIEW_NAME VARCHAR(255) NOT NULL UNIQUE , VIEW_DEFINITION LONGVARCHAR , IS_VALID BOOLEAN ) 
CREATE TABLE IF NOT EXISTS AL_SELECTED_LOG_OBJECTS ( NAME VARCHAR(255) NOT NULL UNIQUE , TYPE VARCHAR(255) ) 
CREATE TABLE IF NOT EXISTS AL_DB_OBJECTS ( NAME VARCHAR(255) NOT NULL UNIQUE , TYPE VARCHAR(255) , USAGE VARCHAR(255) ) 
INSERT INTO AL_CONFIGURATION VALUES('VERSION','7.2.0')
INSERT INTO AL_SELECTED_LOG_OBJECTS VALUES('agents_log','VIEW')
INSERT INTO AL_SELECTED_LOG_OBJECTS VALUES('library_blocks_log','VIEW')
INSERT INTO AL_SELECTED_LOG_OBJECTS VALUES('agent_parameters_log','VIEW')
INSERT INTO AL_SELECTED_LOG_OBJECTS VALUES('library_block_parameters_log','VIEW')
INSERT INTO AL_SELECTED_LOG_OBJECTS VALUES('agent_movement_log','VIEW')
INSERT INTO AL_SELECTED_LOG_OBJECTS VALUES('agent_movement_stats_log','VIEW')
INSERT INTO AL_SELECTED_LOG_OBJECTS VALUES('agent_messages_log','VIEW')
INSERT INTO AL_SELECTED_LOG_OBJECTS VALUES('events_log','VIEW')
INSERT INTO AL_SELECTED_LOG_OBJECTS VALUES('flowchart_entries_log','VIEW')
INSERT INTO AL_SELECTED_LOG_OBJECTS VALUES('flowchart_process_states_log','VIEW')
INSERT INTO AL_SELECTED_LOG_OBJECTS VALUES('flowchart_stats_time_in_state_log','VIEW')
INSERT INTO AL_SELECTED_LOG_OBJECTS VALUES('resource_unit_states_log','VIEW')
INSERT INTO AL_SELECTED_LOG_OBJECTS VALUES('resource_unit_task_stats_log','VIEW')
INSERT INTO AL_SELECTED_LOG_OBJECTS VALUES('resource_pool_task_stats_log','VIEW')
INSERT INTO AL_SELECTED_LOG_OBJECTS VALUES('resource_pool_utilization_log','VIEW')
INSERT INTO AL_SELECTED_LOG_OBJECTS VALUES('resource_unit_utilization_log','VIEW')
INSERT INTO AL_SELECTED_LOG_OBJECTS VALUES('fluid_units_log','VIEW')
INSERT INTO AL_SELECTED_LOG_OBJECTS VALUES('fluid_storages_log','VIEW')
INSERT INTO AL_SELECTED_LOG_OBJECTS VALUES('fluid_rates_log','VIEW')
INSERT INTO AL_SELECTED_LOG_OBJECTS VALUES('fluid_utilization_log','VIEW')
INSERT INTO AL_SELECTED_LOG_OBJECTS VALUES('statechart_transitions_log','VIEW')
INSERT INTO AL_SELECTED_LOG_OBJECTS VALUES('agent_statechart_states_log','VIEW')
INSERT INTO AL_SELECTED_LOG_OBJECTS VALUES('agent_statechart_stats_log','VIEW')
INSERT INTO AL_SELECTED_LOG_OBJECTS VALUES('agent_type_statechart_stats_log','VIEW')
INSERT INTO AL_SELECTED_LOG_OBJECTS VALUES('statistics_log','VIEW')
INSERT INTO AL_SELECTED_LOG_OBJECTS VALUES('datasets_log','VIEW')
INSERT INTO AL_SELECTED_LOG_OBJECTS VALUES('histograms_log','VIEW')
INSERT INTO AL_SELECTED_LOG_OBJECTS VALUES('trace_log','VIEW')
COMMIT
CREATE TABLE sheet1 ( al_id INT IDENTITY , plugin INTEGER NULL , plugin_name LONGVARCHAR NULL , family LONGVARCHAR NULL , severity LONGVARCHAR NULL , ip_address LONGVARCHAR NULL , protocol LONGVARCHAR NULL , port INTEGER NULL , exploit BOOLEAN NULL , mac_address LONGVARCHAR NULL , dns_name LONGVARCHAR NULL , net_bios_name LONGVARCHAR NULL , plugin_text LONGVARCHAR NULL , first_discovered LONGVARCHAR NULL , last_observed LONGVARCHAR NULL , exploit_frameworks LONGVARCHAR NULL , synopsis LONGVARCHAR NULL , description LONGVARCHAR NULL , solution LONGVARCHAR NULL , see_also LONGVARCHAR NULL , risk_factor LONGVARCHAR NULL , vulnerability_priority_rating LONGVARCHAR NULL , cvss_v2_base_score DOUBLE NULL , cvss_v3_base_score DOUBLE NULL , cvss_v2_temporal_score DOUBLE NULL , cvss_v3_temporal_score DOUBLE NULL , cvss_v2_vector LONGVARCHAR NULL , cvss_v3_vector LONGVARCHAR NULL , cpe LONGVARCHAR NULL , xrefs LONGVARCHAR NULL , cve LONGVARCHAR NULL , bid LONGVARCHAR NULL , cross_references LONGVARCHAR NULL , vuln_publication_date TIMESTAMP NULL , patch_publication_date TIMESTAMP NULL , plugin_modification_date TIMESTAMP NULL , exploit_ease LONGVARCHAR NULL ) 
INSERT INTO AL_TABLES VALUES('sheet1',NULL,'')
COMMIT
/*C3*/SET SCHEMA PUBLIC
INSERT INTO SHEET1 VALUES(0,193574,'Oracle Java (Apr 2024 CPU)','Misc.','Critical','10.47.215.101','tcp',445,TRUE,' ','msuselkgcp3670.na.corp.cargill.com','MSUSELKGCP3670','Path              : C:\Program Files (x86)\Java\jre1.8.0_281\\u000a  Installed version : 8.0.281.9 / build 8.0.281\u000a  Fixed version     : Upgrade to version 8.0.411 or greater','Mon Jul 15 02:16:53 2024','Mon Jul 15 03:19:08 2024',NULL,'The remote host is affected by multiple vulnerabilities','The 8u401, 20.3.13, 21.3.9, 11.0.23, 17.0.11, 21.0.3, 22, and perf versions of Java installed on the remote host are affected by multiple vulnerabilities as referenced in the April 2024 CPU advisory.\u000a\u000a  - Vulnerability in the Oracle Java SE, Oracle GraalVM Enterprise Edition product of Oracle Java SE     (component: JavaFX (WebKitGTK)). Supported versions that are affected are Oracle Java SE: 8u401; Oracle     GraalVM Enterprise Edition: 20.3.13 and 21.3.9. Difficult to exploit vulnerability allows unauthenticated     attacker with network access via multiple protocols to compromise Oracle Java SE, Oracle GraalVM Enterprise     Edition. Successful attacks require human interaction from a person other than the attacker. Successful     attacks of this vulnerability can result in takeover of Oracle Java SE, Oracle GraalVM Enterprise     Edition.(CVE-2023-41993)\u000a\u000a  - Vulnerability in the Oracle GraalVM for JDK product of Oracle Java SE (component: Node (Node.js)). Supported     versions that are affected are Oracle GraalVM for JDK: 17.0.10, 21.0.2 and 22. Difficult to exploit vulnerability     allows low privileged attacker with logon to the infrastructure where Oracle GraalVM for JDK executes to     compromise Oracle GraalVM for JDK. While the vulnerability is in Oracle GraalVM for JDK, attacks may significantly     impact additional products (scope change). Successful attacks of this vulnerability can result in unauthorized     creation, deletion or modification access to critical data or all Oracle GraalVM for JDK accessible data as well     as unauthorized access to critical data or complete access to all Oracle GraalVM for JDK accessible data.\u000a    (CVE-2024-21892)\u000a\u000a  - Vulnerability in the Oracle Java SE, Oracle GraalVM for JDK, Oracle GraalVM Enterprise Edition product of     Oracle Java SE (component: Hotspot). Supported versions that are affected are Oracle Java SE: 8u401, 8u401-perf,     11.0.23, 17.0.11, 21.0.3, 22; Oracle GraalVM for JDK: 17.0.11, 21.0.3, 22; Oracle GraalVM Enterprise Edition:     20.3.13 and 21.3.9. Difficult to exploit vulnerability allows unauthenticated attacker with network access     via multiple protocols to compromise Oracle Java SE, Oracle GraalVM for JDK, Oracle GraalVM Enterprise Edition.     Successful attacks of this vulnerability can result in unauthorized ability to cause a partial denial of     service (partial DOS) of Oracle Java SE, Oracle GraalVM for JDK, Oracle GraalVM Enterprise Edition.     (CVE-2024-21011)\u000a\u000a\u000aNote that Nessus has not tested for these issues but has instead relied only on the application''s self-reported version number.','Apply the appropriate patch according to the April 2024 Oracle Critical Patch Update advisory.','https://www.oracle.com/docs/tech/security-alerts/cpuapr2024csaf.json\u000ahttps://www.oracle.com/security-alerts/cpuapr2024.html','Critical',' ',10.0E0,9.8E0,8.3E0,9.1E0,'AV:N/AC:L/Au:N/C:C/I:C/A:C/E:F/RL:OF/RC:C','AV:N/AC:L/PR:N/UI:N/S:U/C:H/I:H/A:H/E:F/RL:O/RC:C','cpe:/a:oracle:jre\u000acpe:/a:oracle:jdk','CVE:CVE-2023-32643, CVE:CVE-2023-41993, CISA-KNOWN-EXPLOITED:2023/10/16, CVE:CVE-2024-21892, CVE:CVE-2024-21011, CVE:CVE-2024-21012, CVE:CVE-2024-21068, CVE:CVE-2024-21085, CVE:CVE-2024-21094, CVE:CVE-2024-20954, CVE:CVE-2024-21002, CVE:CVE-2024-21003, CVE:CVE-2024-21004, CVE:CVE-2024-21005, CVE:CVE-2024-21098, IAVA:2024-A-0239, IAVA:2024-A-0239','CVE-2023-32643, CVE-2023-41993, CVE-2024-21892, CVE-2024-21011, CVE-2024-21012, CVE-2024-21068, CVE-2024-21085, CVE-2024-21094, CVE-2024-20954, CVE-2024-21002, CVE-2024-21003, CVE-2024-21004, CVE-2024-21005, CVE-2024-21098',NULL,'CISA-KNOWN-EXPLOITED #2023/10/16,IAVA #2024-A-0239, 2024-A-0239,','2024-04-16 00:00:00.000000','2024-04-16 00:00:00.000000','2024-06-20 00:00:00.000000','Exploits are available')
INSERT INTO SHEET1 VALUES(1,57582,'SSL Self-Signed Certificate','General','Medium','10.47.215.101','tcp',8444,FALSE,' ','msuselkgcp3670.na.corp.cargill.com','MSUSELKGCP3670','The following certificate was found at the top of the certificate\u000achain sent by the remote host, but is self-signed and was not\u000afound in the list of known certificate authorities :\u000a\u000a|-Subject : C=localhost/ST=localhost/L=localhost/O=localhost/OU=localhost/CN=localhost','Mon Jul 15 02:16:53 2024','Mon Jul 15 03:19:08 2024',NULL,'The SSL certificate chain for this service ends in an unrecognized self-signed certificate.','The X.509 certificate chain for this service is not signed by a recognized certificate authority.  If the remote host is a public host in production, this nullifies the use of SSL as anyone could establish a man-in-the-middle attack against the remote host. \u000a\u000aNote that this plugin does not check for certificate chains that end in a certificate that is not self-signed, but is signed by an unrecognized certificate authority.','Purchase or generate a proper SSL certificate for this service.',NULL,'Medium',' ',6.4E0,6.5E0,NULL,NULL,'AV:N/AC:L/Au:N/C:P/I:P/A:N','AV:N/AC:L/PR:N/UI:N/S:U/C:L/I:L/A:N',NULL,NULL,' ',' ',' ',NULL,NULL,'2022-06-14 00:00:00.000000',NULL)
INSERT INTO SHEET1 VALUES(2,57582,'SSL Self-Signed Certificate','General','Medium','10.47.215.101','tcp',8443,FALSE,' ','msuselkgcp3670.na.corp.cargill.com','MSUSELKGCP3670','The following certificate was found at the top of the certificate\u000achain sent by the remote host, but is self-signed and was not\u000afound in the list of known certificate authorities :\u000a\u000a|-Subject : C=Unknown/ST=Unknown/L=Unknown/O=Unknown/OU=Unknown/CN=Unknown','Mon Jul 15 02:16:53 2024','Mon Jul 15 03:19:08 2024',NULL,'The SSL certificate chain for this service ends in an unrecognized self-signed certificate.','The X.509 certificate chain for this service is not signed by a recognized certificate authority.  If the remote host is a public host in production, this nullifies the use of SSL as anyone could establish a man-in-the-middle attack against the remote host. \u000a\u000aNote that this plugin does not check for certificate chains that end in a certificate that is not self-signed, but is signed by an unrecognized certificate authority.','Purchase or generate a proper SSL certificate for this service.',NULL,'Medium',' ',6.4E0,6.5E0,NULL,NULL,'AV:N/AC:L/Au:N/C:P/I:P/A:N','AV:N/AC:L/PR:N/UI:N/S:U/C:L/I:L/A:N',NULL,NULL,' ',' ',' ',NULL,NULL,'2022-06-14 00:00:00.000000',NULL)
INSERT INTO SHEET1 VALUES(3,51192,'SSL Certificate Cannot Be Trusted','General','Medium','10.47.215.101','tcp',8444,FALSE,' ','msuselkgcp3670.na.corp.cargill.com','MSUSELKGCP3670','The following certificate was at the top of the certificate\u000achain sent by the remote host, but it is signed by an unknown\u000acertificate authority :\u000a\u000a|-Subject : C=localhost/ST=localhost/L=localhost/O=localhost/OU=localhost/CN=localhost\u000a|-Issuer  : C=localhost/ST=localhost/L=localhost/O=localhost/OU=localhost/CN=localhost','Mon Jul 15 02:16:53 2024','Mon Jul 15 03:19:08 2024',NULL,'The SSL certificate for this service cannot be trusted.','The server''s X.509 certificate cannot be trusted. This situation can occur in three different ways, in which the chain of trust can be broken, as stated below :\u000a\u000a  - First, the top of the certificate chain sent by the     server might not be descended from a known public     certificate authority. This can occur either when the     top of the chain is an unrecognized, self-signed     certificate, or when intermediate certificates are     missing that would connect the top of the certificate     chain to a known public certificate authority.\u000a\u000a  - Second, the certificate chain may contain a certificate     that is not valid at the time of the scan. This can     occur either when the scan occurs before one of the     certificate''s ''notBefore'' dates, or after one of the     certificate''s ''notAfter'' dates.\u000a\u000a  - Third, the certificate chain may contain a signature     that either didn''t match the certificate''s information     or could not be verified. Bad signatures can be fixed by     getting the certificate with the bad signature to be     re-signed by its issuer. Signatures that could not be     verified are the result of the certificate''s issuer     using a signing algorithm that Nessus either does not     support or does not recognize.\u000a\u000aIf the remote host is a public host in production, any break in the chain makes it more difficult for users to verify the authenticity and identity of the web server. This could make it easier to carry out man-in-the-middle attacks against the remote host.','Purchase or generate a proper SSL certificate for this service.','https://www.itu.int/rec/T-REC-X.509/en\u000ahttps://en.wikipedia.org/wiki/X.509','Medium',' ',6.4E0,6.5E0,NULL,NULL,'AV:N/AC:L/Au:N/C:P/I:P/A:N','AV:N/AC:L/PR:N/UI:N/S:U/C:L/I:L/A:N',NULL,NULL,' ',' ',' ',NULL,NULL,'2020-04-27 00:00:00.000000',NULL)
INSERT INTO SHEET1 VALUES(4,51192,'SSL Certificate Cannot Be Trusted','General','Medium','10.47.215.101','tcp',8443,FALSE,' ','msuselkgcp3670.na.corp.cargill.com','MSUSELKGCP3670','The following certificate was part of the certificate chain\u000asent by the remote host, but it has a signature that uses an\u000aalgorithm that Nessus does not recognize :\u000a\u000a|-Subject         : C=Unknown/ST=Unknown/L=Unknown/O=Unknown/OU=Unknown/CN=Unknown\u000a|-Algorithm (OID) : 1.2.840.10040.4.3\u000a\u000aThe following certificate was at the top of the certificate\u000achain sent by the remote host, but it is signed by an unknown\u000acertificate authority :\u000a\u000a|-Subject : C=Unknown/ST=Unknown/L=Unknown/O=Unknown/OU=Unknown/CN=Unknown\u000a|-Issuer  : C=Unknown/ST=Unknown/L=Unknown/O=Unknown/OU=Unknown/CN=Unknown','Mon Jul 15 02:16:53 2024','Mon Jul 15 03:19:08 2024',NULL,'The SSL certificate for this service cannot be trusted.','The server''s X.509 certificate cannot be trusted. This situation can occur in three different ways, in which the chain of trust can be broken, as stated below :\u000a\u000a  - First, the top of the certificate chain sent by the     server might not be descended from a known public     certificate authority. This can occur either when the     top of the chain is an unrecognized, self-signed     certificate, or when intermediate certificates are     missing that would connect the top of the certificate     chain to a known public certificate authority.\u000a\u000a  - Second, the certificate chain may contain a certificate     that is not valid at the time of the scan. This can     occur either when the scan occurs before one of the     certificate''s ''notBefore'' dates, or after one of the     certificate''s ''notAfter'' dates.\u000a\u000a  - Third, the certificate chain may contain a signature     that either didn''t match the certificate''s information     or could not be verified. Bad signatures can be fixed by     getting the certificate with the bad signature to be     re-signed by its issuer. Signatures that could not be     verified are the result of the certificate''s issuer     using a signing algorithm that Nessus either does not     support or does not recognize.\u000a\u000aIf the remote host is a public host in production, any break in the chain makes it more difficult for users to verify the authenticity and identity of the web server. This could make it easier to carry out man-in-the-middle attacks against the remote host.','Purchase or generate a proper SSL certificate for this service.','https://www.itu.int/rec/T-REC-X.509/en\u000ahttps://en.wikipedia.org/wiki/X.509','Medium',' ',6.4E0,6.5E0,NULL,NULL,'AV:N/AC:L/Au:N/C:P/I:P/A:N','AV:N/AC:L/PR:N/UI:N/S:U/C:L/I:L/A:N',NULL,NULL,' ',' ',' ',NULL,NULL,'2020-04-27 00:00:00.000000',NULL)
INSERT INTO SHEET1 VALUES(5,45411,'SSL Certificate with Wrong Hostname','General','Medium','10.47.215.101','tcp',8444,FALSE,' ','msuselkgcp3670.na.corp.cargill.com','MSUSELKGCP3670','The identities known by Nessus are :\u000a\u000a  10.47.215.101\u000a  fe80::5495:b0f7:fc98:b8e5\u000a  msuselkgcp3670.na.corp.cargill.com\u000a\u000aThe Common Name in the certificate is :\u000a\u000a  localhost','Mon Jul 15 02:16:53 2024','Mon Jul 15 03:19:08 2024',NULL,'The SSL certificate for this service is for a different host.','The ''commonName'' (CN) attribute of the SSL certificate presented for this service is for a different machine.','Purchase or generate a proper SSL certificate for this service.',NULL,'Medium',' ',5.0E0,5.3E0,NULL,NULL,'AV:N/AC:L/Au:N/C:N/I:P/A:N','AV:N/AC:L/PR:N/UI:N/S:U/C:N/I:L/A:N',NULL,NULL,' ',' ',' ',NULL,NULL,'2020-04-27 00:00:00.000000',NULL)
INSERT INTO SHEET1 VALUES(6,45411,'SSL Certificate with Wrong Hostname','General','Medium','10.47.215.101','tcp',8443,FALSE,' ','msuselkgcp3670.na.corp.cargill.com','MSUSELKGCP3670','The identities known by Nessus are :\u000a\u000a  10.47.215.101\u000a  fe80::5495:b0f7:fc98:b8e5\u000a  msuselkgcp3670.na.corp.cargill.com\u000a\u000aThe Common Name in the certificate is :\u000a\u000a  Unknown','Mon Jul 15 02:16:53 2024','Mon Jul 15 03:19:08 2024',NULL,'The SSL certificate for this service is for a different host.','The ''commonName'' (CN) attribute of the SSL certificate presented for this service is for a different machine.','Purchase or generate a proper SSL certificate for this service.',NULL,'Medium',' ',5.0E0,5.3E0,NULL,NULL,'AV:N/AC:L/Au:N/C:N/I:P/A:N','AV:N/AC:L/PR:N/UI:N/S:U/C:N/I:L/A:N',NULL,NULL,' ',' ',' ',NULL,NULL,'2020-04-27 00:00:00.000000',NULL)
COMMIT
DISCONNECT
/*C2*/DISCONNECT
/*C4*/SET SCHEMA PUBLIC
DELETE FROM SHEET1 WHERE AL_ID=0
DELETE FROM SHEET1 WHERE AL_ID=1
DELETE FROM SHEET1 WHERE AL_ID=2
DELETE FROM SHEET1 WHERE AL_ID=3
DELETE FROM SHEET1 WHERE AL_ID=4
DELETE FROM SHEET1 WHERE AL_ID=5
DELETE FROM SHEET1 WHERE AL_ID=6
COMMIT
DISCONNECT
